Determining if the pthread_create exist failed with the following output:
Change Dir: /home/mismayil/UW/CS488/dev/shared/glfw-3.1.1/build/CMakeFiles/CMakeTmp

Run Build Command:/usr/bin/make "cmTryCompileExec3767600774/fast"
/usr/bin/make -f CMakeFiles/cmTryCompileExec3767600774.dir/build.make CMakeFiles/cmTryCompileExec3767600774.dir/build
make[1]: Entering directory `/home/mismayil/UW/CS488/dev/shared/glfw-3.1.1/build/CMakeFiles/CMakeTmp'
/usr/bin/cmake -E cmake_progress_report /home/mismayil/UW/CS488/dev/shared/glfw-3.1.1/build/CMakeFiles/CMakeTmp/CMakeFiles 1
Building C object CMakeFiles/cmTryCompileExec3767600774.dir/CheckSymbolExists.c.o
/usr/bin/cc    -o CMakeFiles/cmTryCompileExec3767600774.dir/CheckSymbolExists.c.o   -c /home/mismayil/UW/CS488/dev/shared/glfw-3.1.1/build/CMakeFiles/CMakeTmp/CheckSymbolExists.c
Linking C executable cmTryCompileExec3767600774
/usr/bin/cmake -E cmake_link_script CMakeFiles/cmTryCompileExec3767600774.dir/link.txt --verbose=1
/usr/bin/cc       CMakeFiles/cmTryCompileExec3767600774.dir/CheckSymbolExists.c.o  -o cmTryCompileExec3767600774 -rdynamic 
CMakeFiles/cmTryCompileExec3767600774.dir/CheckSymbolExists.c.o: In function `main':
CheckSymbolExists.c:(.text+0x16): undefined reference to `pthread_create'
collect2: error: ld returned 1 exit status
make[1]: *** [cmTryCompileExec3767600774] Error 1
make[1]: Leaving directory `/home/mismayil/UW/CS488/dev/shared/glfw-3.1.1/build/CMakeFiles/CMakeTmp'
make: *** [cmTryCompileExec3767600774/fast] Error 2

File /home/mismayil/UW/CS488/dev/shared/glfw-3.1.1/build/CMakeFiles/CMakeTmp/CheckSymbolExists.c:
/* */
#include <pthread.h>

int main(int argc, char** argv)
{
  (void)argv;
#ifndef pthread_create
  return ((int*)(&pthread_create))[argc];
#else
  (void)argc;
  return 0;
#endif
}

Determining if the function pthread_create exists in the pthreads failed with the following output:
Change Dir: /home/mismayil/UW/CS488/dev/shared/glfw-3.1.1/build/CMakeFiles/CMakeTmp

Run Build Command:/usr/bin/make "cmTryCompileExec1721763742/fast"
/usr/bin/make -f CMakeFiles/cmTryCompileExec1721763742.dir/build.make CMakeFiles/cmTryCompileExec1721763742.dir/build
make[1]: Entering directory `/home/mismayil/UW/CS488/dev/shared/glfw-3.1.1/build/CMakeFiles/CMakeTmp'
/usr/bin/cmake -E cmake_progress_report /home/mismayil/UW/CS488/dev/shared/glfw-3.1.1/build/CMakeFiles/CMakeTmp/CMakeFiles 1
Building C object CMakeFiles/cmTryCompileExec1721763742.dir/CheckFunctionExists.c.o
/usr/bin/cc   -DCHECK_FUNCTION_EXISTS=pthread_create   -o CMakeFiles/cmTryCompileExec1721763742.dir/CheckFunctionExists.c.o   -c /usr/share/cmake-2.8/Modules/CheckFunctionExists.c
Linking C executable cmTryCompileExec1721763742
/usr/bin/cmake -E cmake_link_script CMakeFiles/cmTryCompileExec1721763742.dir/link.txt --verbose=1
/usr/bin/cc   -DCHECK_FUNCTION_EXISTS=pthread_create    CMakeFiles/cmTryCompileExec1721763742.dir/CheckFunctionExists.c.o  -o cmTryCompileExec1721763742 -rdynamic -lpthreads 
/usr/bin/ld: cannot find -lpthreads
collect2: error: ld returned 1 exit status
make[1]: *** [cmTryCompileExec1721763742] Error 1
make[1]: Leaving directory `/home/mismayil/UW/CS488/dev/shared/glfw-3.1.1/build/CMakeFiles/CMakeTmp'
make: *** [cmTryCompileExec1721763742/fast] Error 2


Determining if the function glXGetProcAddressEXT exists failed with the following output:
Change Dir: /home/mismayil/UW/CS488/dev/shared/glfw-3.1.1/build/CMakeFiles/CMakeTmp

Run Build Command:/usr/bin/make "cmTryCompileExec1671937179/fast"
/usr/bin/make -f CMakeFiles/cmTryCompileExec1671937179.dir/build.make CMakeFiles/cmTryCompileExec1671937179.dir/build
make[1]: Entering directory `/home/mismayil/UW/CS488/dev/shared/glfw-3.1.1/build/CMakeFiles/CMakeTmp'
/usr/bin/cmake -E cmake_progress_report /home/mismayil/UW/CS488/dev/shared/glfw-3.1.1/build/CMakeFiles/CMakeTmp/CMakeFiles 1
Building C object CMakeFiles/cmTryCompileExec1671937179.dir/CheckFunctionExists.c.o
/usr/bin/cc   -DCHECK_FUNCTION_EXISTS=glXGetProcAddressEXT   -o CMakeFiles/cmTryCompileExec1671937179.dir/CheckFunctionExists.c.o   -c /usr/share/cmake-2.8/Modules/CheckFunctionExists.c
Linking C executable cmTryCompileExec1671937179
/usr/bin/cmake -E cmake_link_script CMakeFiles/cmTryCompileExec1671937179.dir/link.txt --verbose=1
/usr/bin/cc   -DCHECK_FUNCTION_EXISTS=glXGetProcAddressEXT    CMakeFiles/cmTryCompileExec1671937179.dir/CheckFunctionExists.c.o  -o cmTryCompileExec1671937179 -rdynamic -lGL 
CMakeFiles/cmTryCompileExec1671937179.dir/CheckFunctionExists.c.o: In function `main':
CheckFunctionExists.c:(.text+0x15): undefined reference to `glXGetProcAddressEXT'
collect2: error: ld returned 1 exit status
make[1]: *** [cmTryCompileExec1671937179] Error 1
make[1]: Leaving directory `/home/mismayil/UW/CS488/dev/shared/glfw-3.1.1/build/CMakeFiles/CMakeTmp'
make: *** [cmTryCompileExec1671937179/fast] Error 2


